[tradingver.com/index.html]
[backblue.gif]
[fade.gif]
[index.html]
[tradingver.com/logotv2.png]
[www.gstatic.com/charts/loader.js]
[tradingver.com/index.html]
[tradingver.com/style_default9b2d.css]
[tradingver.com/candado5.png]
[tradingver.com/logotv44mitad333.png]
[tradingver.com/login/Default.html]
[tradingver.com/login_imagen_doble.png]
[tradingver.com/candado4.png]
[tradingver.com/arriba_abajo.png]
[tradingver.com/WebResource1334.js]
[tradingver.com/linea.png]
[tradingver.com/plotly-latest.min.js]
[tradingver.com/jhash.js]
[tradingver.com/soporte_resistencia_web433f.js]
[tradingver.com/login/Default.html]
[tradingver.com/entradaManual_web433f.js]
[tradingver.com/rsi_web433f.js]
[tradingver.com/tverplotly_web433f.js]
[unpkg.com/axios@1.6.8/dist/axios.min.js]
[tradingver.com/POST.html]
[telegram.org/js/telegram-widget3c59.js]
